<?xml version="1.0" encoding="UTF-8"?>
<!-- Generated by org.testng.reporters.JUnitReportReporter -->
<testsuite hostname="DESKTOP-MOK7TM7" failures="0" tests="1" name="testngpkg.Parametertest" time="0.012" errors="0" timestamp="2023-03-03T11:17:13 IST" skipped="0">
  <testcase classname="testngpkg.Parametertest" name="test1" time="0.012"/>
  <system-out/>
</testsuite> <!-- testngpkg.Parametertest -->
