<?xml version="1.0" encoding="UTF-8"?>
<!-- Generated by org.testng.reporters.JUnitReportReporter -->
<testsuite hostname="DESKTOP-MOK7TM7" failures="0" tests="3" name="testngpkg.Crossbrowsertest" time="4.941" errors="0" timestamp="2023-03-03T11:49:02 IST" skipped="0">
  <testcase classname="testngpkg.Crossbrowsertest" name="test1" time="1.281"/>
  <system-out/>
  <testcase classname="testngpkg.Crossbrowsertest" name="test1" time="1.254"/>
  <system-out/>
  <testcase classname="testngpkg.Crossbrowsertest" name="test1" time="2.406"/>
  <system-out/>
</testsuite> <!-- testngpkg.Crossbrowsertest -->
