<?xml version="1.0" encoding="UTF-8"?>
<!-- Generated by org.testng.reporters.JUnitReportReporter -->
<testsuite hostname="DESKTOP-MOK7TM7" failures="0" tests="1" name="testngpkg.Copypaste" time="1.680" errors="0" timestamp="2023-02-27T11:54:26 IST" skipped="0">
  <testcase classname="testngpkg.Copypaste" name="test1" time="1.680"/>
  <system-out/>
</testsuite> <!-- testngpkg.Copypaste -->
