<?xml version="1.0" encoding="UTF-8"?>
<!-- Generated by org.testng.reporters.JUnitReportReporter -->
<testsuite hostname="DESKTOP-MOK7TM7" failures="0" tests="2" name="testngpkg.TestngGrouping" time="0.017" errors="0" timestamp="2023-02-24T12:21:36 IST" skipped="0">
  <testcase classname="testngpkg.TestngGrouping" name="test1" time="0.014"/>
  <system-out/>
  <testcase classname="testngpkg.TestngGrouping" name="test2" time="0.003"/>
  <system-out/>
</testsuite> <!-- testngpkg.TestngGrouping -->
