<?xml version="1.0" encoding="UTF-8"?>
<!-- Generated by org.testng.reporters.JUnitReportReporter -->
<testsuite hostname="DESKTOP-MOK7TM7" failures="0" tests="5" name="testngpkg.Testngdemo" time="3.456" errors="0" timestamp="2023-02-24T11:54:56 IST" skipped="0">
  <testcase classname="testngpkg.Testngdemo" name="test1" time="0.559"/>
  <system-out/>
  <testcase classname="testngpkg.Testngdemo" name="test1" time="1.091"/>
  <system-out/>
  <testcase classname="testngpkg.Testngdemo" name="test1" time="0.544"/>
  <system-out/>
  <testcase classname="testngpkg.Testngdemo" name="test3" time="0.598"/>
  <system-out/>
  <testcase classname="testngpkg.Testngdemo" name="test2" time="0.664"/>
  <system-out/>
</testsuite> <!-- testngpkg.Testngdemo -->
