<?xml version="1.0" encoding="UTF-8"?>
<!-- Generated by org.testng.reporters.JUnitReportReporter -->
<testsuite hostname="DESKTOP-MOK7TM7" failures="0" tests="1" name="testngpkg.Mousehover" time="4.437" errors="0" timestamp="2023-03-24T16:03:28 IST" skipped="0">
  <testcase classname="testngpkg.Mousehover" name="mousehvr" time="4.437"/>
  <system-out/>
</testsuite> <!-- testngpkg.Mousehover -->
